<?xml version="1.0" encoding="UTF-8"?>
<testng-results ignored="1" total="2" passed="1" failed="0" skipped="0">
  <reporter-output>
  </reporter-output>
  <suite started-at="2024-04-02T10:19:51Z" name="Default suite" finished-at="2024-04-02T10:20:00Z" duration-ms="9339">
    <groups>
    </groups>
    <test started-at="2024-04-02T10:19:51Z" name="Default test" finished-at="2024-04-02T10:20:00Z" duration-ms="9339">
      <class name="org.testing.SearchPage">
        <test-method is-config="true" signature="openBrowser()[pri:0, instance:org.testing.SearchPage@181e731e]" started-at="2024-04-02T10:19:51Z" name="openBrowser" finished-at="2024-04-02T10:19:56Z" duration-ms="5203" status="PASS">
          <reporter-output>
          </reporter-output>
        </test-method> <!-- openBrowser -->
        <test-method signature="searchProduct1()[pri:0, instance:org.testing.SearchPage@181e731e]" started-at="2024-04-02T10:19:56Z" name="searchProduct1" finished-at="2024-04-02T10:20:00Z" duration-ms="4117" status="PASS">
          <reporter-output>
          </reporter-output>
        </test-method> <!-- searchProduct1 -->
      </class> <!-- org.testing.SearchPage -->
    </test> <!-- Default test -->
  </suite> <!-- Default suite -->
</testng-results>
